<?xml version="1.0" encoding="UTF-8"?>
<testsuite xmlns:xsi="http://www.w3.org/2001/XMLSchema-instance" xsi:noNamespaceSchemaLocation="https://maven.apache.org/surefire/maven-surefire-plugin/xsd/surefire-test-report-3.0.xsd" version="3.0" name="cucumberOptions.TestRunner" time="15.554" tests="4" errors="0" skipped="0" failures="0">
  <properties>
    <property name="sun.desktop" value="windows"/>
    <property name="awt.toolkit" value="sun.awt.windows.WToolkit"/>
    <property name="file.encoding.pkg" value="sun.io"/>
    <property name="java.specification.version" value="1.8"/>
    <property name="sun.cpu.isalist" value="amd64"/>
    <property name="sun.jnu.encoding" value="Cp1252"/>
    <property name="java.class.path" value="D:\EclipseWorkspace\RestAssured\target\test-classes;D:\EclipseWorkspace\RestAssured\target\classes;C:\Users\Chetan\.m2\repository\io\cucumber\cucumber-junit\6.9.1\cucumber-junit-6.9.1.jar;C:\Users\Chetan\.m2\repository\org\apiguardian\apiguardian-api\1.1.0\apiguardian-api-1.1.0.jar;C:\Users\Chetan\.m2\repository\io\cucumber\cucumber-core\6.9.1\cucumber-core-6.9.1.jar;C:\Users\Chetan\.m2\repository\io\cucumber\cucumber-gherkin\6.9.1\cucumber-gherkin-6.9.1.jar;C:\Users\Chetan\.m2\repository\io\cucumber\cucumber-gherkin-messages\6.9.1\cucumber-gherkin-messages-6.9.1.jar;C:\Users\Chetan\.m2\repository\io\cucumber\messages\13.2.1\messages-13.2.1.jar;C:\Users\Chetan\.m2\repository\io\cucumber\tag-expressions\3.0.0\tag-expressions-3.0.0.jar;C:\Users\Chetan\.m2\repository\io\cucumber\cucumber-expressions\10.3.0\cucumber-expressions-10.3.0.jar;C:\Users\Chetan\.m2\repository\io\cucumber\datatable\3.5.0\datatable-3.5.0.jar;C:\Users\Chetan\.m2\repository\io\cucumber\cucumber-plugin\6.9.1\cucumber-plugin-6.9.1.jar;C:\Users\Chetan\.m2\repository\io\cucumber\docstring\6.9.1\docstring-6.9.1.jar;C:\Users\Chetan\.m2\repository\io\cucumber\html-formatter\9.0.0\html-formatter-9.0.0.jar;C:\Users\Chetan\.m2\repository\io\cucumber\create-meta\2.0.4\create-meta-2.0.4.jar;C:\Users\Chetan\.m2\repository\io\cucumber\cucumber-java\6.9.1\cucumber-java-6.9.1.jar;C:\Users\Chetan\.m2\repository\junit\junit\4.13.1\junit-4.13.1.jar;C:\Users\Chetan\.m2\repository\org\hamcrest\hamcrest-core\1.3\hamcrest-core-1.3.jar;C:\Users\Chetan\.m2\repository\io\rest-assured\rest-assured\4.3.3\rest-assured-4.3.3.jar;C:\Users\Chetan\.m2\repository\org\codehaus\groovy\groovy\3.0.7\groovy-3.0.7.jar;C:\Users\Chetan\.m2\repository\org\codehaus\groovy\groovy-xml\3.0.7\groovy-xml-3.0.7.jar;C:\Users\Chetan\.m2\repository\org\apache\httpcomponents\httpclient\4.5.3\httpclient-4.5.3.jar;C:\Users\Chetan\.m2\repository\org\apache\httpcomponents\httpcore\4.4.6\httpcore-4.4.6.jar;C:\Users\Chetan\.m2\repository\commons-logging\commons-logging\1.2\commons-logging-1.2.jar;C:\Users\Chetan\.m2\repository\commons-codec\commons-codec\1.9\commons-codec-1.9.jar;C:\Users\Chetan\.m2\repository\org\apache\httpcomponents\httpmime\4.5.3\httpmime-4.5.3.jar;C:\Users\Chetan\.m2\repository\org\hamcrest\hamcrest\2.1\hamcrest-2.1.jar;C:\Users\Chetan\.m2\repository\org\ccil\cowan\tagsoup\tagsoup\1.2.1\tagsoup-1.2.1.jar;C:\Users\Chetan\.m2\repository\io\rest-assured\json-path\4.3.3\json-path-4.3.3.jar;C:\Users\Chetan\.m2\repository\org\codehaus\groovy\groovy-json\3.0.7\groovy-json-3.0.7.jar;C:\Users\Chetan\.m2\repository\io\rest-assured\rest-assured-common\4.3.3\rest-assured-common-4.3.3.jar;C:\Users\Chetan\.m2\repository\io\rest-assured\xml-path\4.3.3\xml-path-4.3.3.jar;C:\Users\Chetan\.m2\repository\org\apache\commons\commons-lang3\3.11\commons-lang3-3.11.jar;C:\Users\Chetan\.m2\repository\jakarta\xml\bind\jakarta.xml.bind-api\2.3.3\jakarta.xml.bind-api-2.3.3.jar;C:\Users\Chetan\.m2\repository\jakarta\activation\jakarta.activation-api\1.2.2\jakarta.activation-api-1.2.2.jar;C:\Users\Chetan\.m2\repository\com\sun\xml\bind\jaxb-impl\2.3.3\jaxb-impl-2.3.3.jar;C:\Users\Chetan\.m2\repository\com\fasterxml\jackson\core\jackson-databind\2.12.1\jackson-databind-2.12.1.jar;C:\Users\Chetan\.m2\repository\com\fasterxml\jackson\core\jackson-annotations\2.12.1\jackson-annotations-2.12.1.jar;C:\Users\Chetan\.m2\repository\com\fasterxml\jackson\core\jackson-core\2.12.1\jackson-core-2.12.1.jar;"/>
    <property name="java.vm.vendor" value="Oracle Corporation"/>
    <property name="sun.arch.data.model" value="64"/>
    <property name="user.variant" value=""/>
    <property name="java.vendor.url" value="http://java.oracle.com/"/>
    <property name="user.timezone" value="Asia/Calcutta"/>
    <property name="java.vm.specification.version" value="1.8"/>
    <property name="os.name" value="Windows 10"/>
    <property name="user.country" value="US"/>
    <property name="sun.java.launcher" value="SUN_STANDARD"/>
    <property name="sun.boot.library.path" value="C:\Program Files\Java\jdk1.8.0_261\jre\bin"/>
    <property name="sun.java.command" value="C:\Users\Chetan\AppData\Local\Temp\surefire5439568689302350813\surefirebooter1034754391577809615.jar C:\Users\Chetan\AppData\Local\Temp\surefire5439568689302350813 2021-02-17T19-31-30_129-jvmRun1 surefire7963711178060536409tmp surefire_05371666301456582440tmp"/>
    <property name="surefire.test.class.path" value="D:\EclipseWorkspace\RestAssured\target\test-classes;D:\EclipseWorkspace\RestAssured\target\classes;C:\Users\Chetan\.m2\repository\io\cucumber\cucumber-junit\6.9.1\cucumber-junit-6.9.1.jar;C:\Users\Chetan\.m2\repository\org\apiguardian\apiguardian-api\1.1.0\apiguardian-api-1.1.0.jar;C:\Users\Chetan\.m2\repository\io\cucumber\cucumber-core\6.9.1\cucumber-core-6.9.1.jar;C:\Users\Chetan\.m2\repository\io\cucumber\cucumber-gherkin\6.9.1\cucumber-gherkin-6.9.1.jar;C:\Users\Chetan\.m2\repository\io\cucumber\cucumber-gherkin-messages\6.9.1\cucumber-gherkin-messages-6.9.1.jar;C:\Users\Chetan\.m2\repository\io\cucumber\messages\13.2.1\messages-13.2.1.jar;C:\Users\Chetan\.m2\repository\io\cucumber\tag-expressions\3.0.0\tag-expressions-3.0.0.jar;C:\Users\Chetan\.m2\repository\io\cucumber\cucumber-expressions\10.3.0\cucumber-expressions-10.3.0.jar;C:\Users\Chetan\.m2\repository\io\cucumber\datatable\3.5.0\datatable-3.5.0.jar;C:\Users\Chetan\.m2\repository\io\cucumber\cucumber-plugin\6.9.1\cucumber-plugin-6.9.1.jar;C:\Users\Chetan\.m2\repository\io\cucumber\docstring\6.9.1\docstring-6.9.1.jar;C:\Users\Chetan\.m2\repository\io\cucumber\html-formatter\9.0.0\html-formatter-9.0.0.jar;C:\Users\Chetan\.m2\repository\io\cucumber\create-meta\2.0.4\create-meta-2.0.4.jar;C:\Users\Chetan\.m2\repository\io\cucumber\cucumber-java\6.9.1\cucumber-java-6.9.1.jar;C:\Users\Chetan\.m2\repository\junit\junit\4.13.1\junit-4.13.1.jar;C:\Users\Chetan\.m2\repository\org\hamcrest\hamcrest-core\1.3\hamcrest-core-1.3.jar;C:\Users\Chetan\.m2\repository\io\rest-assured\rest-assured\4.3.3\rest-assured-4.3.3.jar;C:\Users\Chetan\.m2\repository\org\codehaus\groovy\groovy\3.0.7\groovy-3.0.7.jar;C:\Users\Chetan\.m2\repository\org\codehaus\groovy\groovy-xml\3.0.7\groovy-xml-3.0.7.jar;C:\Users\Chetan\.m2\repository\org\apache\httpcomponents\httpclient\4.5.3\httpclient-4.5.3.jar;C:\Users\Chetan\.m2\repository\org\apache\httpcomponents\httpcore\4.4.6\httpcore-4.4.6.jar;C:\Users\Chetan\.m2\repository\commons-logging\commons-logging\1.2\commons-logging-1.2.jar;C:\Users\Chetan\.m2\repository\commons-codec\commons-codec\1.9\commons-codec-1.9.jar;C:\Users\Chetan\.m2\repository\org\apache\httpcomponents\httpmime\4.5.3\httpmime-4.5.3.jar;C:\Users\Chetan\.m2\repository\org\hamcrest\hamcrest\2.1\hamcrest-2.1.jar;C:\Users\Chetan\.m2\repository\org\ccil\cowan\tagsoup\tagsoup\1.2.1\tagsoup-1.2.1.jar;C:\Users\Chetan\.m2\repository\io\rest-assured\json-path\4.3.3\json-path-4.3.3.jar;C:\Users\Chetan\.m2\repository\org\codehaus\groovy\groovy-json\3.0.7\groovy-json-3.0.7.jar;C:\Users\Chetan\.m2\repository\io\rest-assured\rest-assured-common\4.3.3\rest-assured-common-4.3.3.jar;C:\Users\Chetan\.m2\repository\io\rest-assured\xml-path\4.3.3\xml-path-4.3.3.jar;C:\Users\Chetan\.m2\repository\org\apache\commons\commons-lang3\3.11\commons-lang3-3.11.jar;C:\Users\Chetan\.m2\repository\jakarta\xml\bind\jakarta.xml.bind-api\2.3.3\jakarta.xml.bind-api-2.3.3.jar;C:\Users\Chetan\.m2\repository\jakarta\activation\jakarta.activation-api\1.2.2\jakarta.activation-api-1.2.2.jar;C:\Users\Chetan\.m2\repository\com\sun\xml\bind\jaxb-impl\2.3.3\jaxb-impl-2.3.3.jar;C:\Users\Chetan\.m2\repository\com\fasterxml\jackson\core\jackson-databind\2.12.1\jackson-databind-2.12.1.jar;C:\Users\Chetan\.m2\repository\com\fasterxml\jackson\core\jackson-annotations\2.12.1\jackson-annotations-2.12.1.jar;C:\Users\Chetan\.m2\repository\com\fasterxml\jackson\core\jackson-core\2.12.1\jackson-core-2.12.1.jar;"/>
    <property name="sun.cpu.endian" value="little"/>
    <property name="user.home" value="C:\Users\Chetan"/>
    <property name="user.language" value="en"/>
    <property name="java.specification.vendor" value="Oracle Corporation"/>
    <property name="java.home" value="C:\Program Files\Java\jdk1.8.0_261\jre"/>
    <property name="basedir" value="D:\EclipseWorkspace\RestAssured"/>
    <property name="file.separator" value="\"/>
    <property name="line.separator" value="&#10;"/>
    <property name="java.vm.specification.vendor" value="Oracle Corporation"/>
    <property name="java.specification.name" value="Java Platform API Specification"/>
    <property name="java.awt.graphicsenv" value="sun.awt.Win32GraphicsEnvironment"/>
    <property name="surefire.real.class.path" value="C:\Users\Chetan\AppData\Local\Temp\surefire5439568689302350813\surefirebooter1034754391577809615.jar"/>
    <property name="sun.boot.class.path" value="C:\Program Files\Java\jdk1.8.0_261\jre\lib\resources.jar;C:\Program Files\Java\jdk1.8.0_261\jre\lib\rt.jar;C:\Program Files\Java\jdk1.8.0_261\jre\lib\sunrsasign.jar;C:\Program Files\Java\jdk1.8.0_261\jre\lib\jsse.jar;C:\Program Files\Java\jdk1.8.0_261\jre\lib\jce.jar;C:\Program Files\Java\jdk1.8.0_261\jre\lib\charsets.jar;C:\Program Files\Java\jdk1.8.0_261\jre\lib\jfr.jar;C:\Program Files\Java\jdk1.8.0_261\jre\classes"/>
    <property name="user.script" value=""/>
    <property name="sun.management.compiler" value="HotSpot 64-Bit Tiered Compilers"/>
    <property name="java.runtime.version" value="1.8.0_261-b12"/>
    <property name="user.name" value="Chetan"/>
    <property name="path.separator" value=";"/>
    <property name="os.version" value="10.0"/>
    <property name="java.endorsed.dirs" value="C:\Program Files\Java\jdk1.8.0_261\jre\lib\endorsed"/>
    <property name="java.runtime.name" value="Java(TM) SE Runtime Environment"/>
    <property name="file.encoding" value="Cp1252"/>
    <property name="java.vm.name" value="Java HotSpot(TM) 64-Bit Server VM"/>
    <property name="localRepository" value="C:\Users\Chetan\.m2\repository"/>
    <property name="java.vendor.url.bug" value="http://bugreport.sun.com/bugreport/"/>
    <property name="java.io.tmpdir" value="C:\Users\Chetan\AppData\Local\Temp\"/>
    <property name="cucumber.filter.tags" value="@Sanity"/>
    <property name="java.version" value="1.8.0_261"/>
    <property name="user.dir" value="D:\EclipseWorkspace\RestAssured"/>
    <property name="os.arch" value="amd64"/>
    <property name="java.vm.specification.name" value="Java Virtual Machine Specification"/>
    <property name="java.awt.printerjob" value="sun.awt.windows.WPrinterJob"/>
    <property name="sun.os.patch.level" value=""/>
    <property name="java.library.path" value="C:\Program Files\Java\jdk1.8.0_261\jre\bin;C:\WINDOWS\Sun\Java\bin;C:\WINDOWS\system32;C:\WINDOWS;C:\Program Files (x86)\Common Files\Oracle\Java\javapath;C:\WINDOWS\system32;C:\WINDOWS;C:\WINDOWS\System32\Wbem;C:\WINDOWS\System32\WindowsPowerShell\v1.0\;C:\WINDOWS\System32\OpenSSH\;C:\Program Files\nodejs\;C:\Program Files\Git\cmd;C:\Users\Chetan\AppData\Local\Microsoft\WindowsApps;C:\Program Files\Java\jdk1.8.0_261\bin;C:\Users\Chetan\AppData\Roaming\npm;C:\Program Files\nodejs;C:\Users\Chetan\AppData\Local\Android\Sdk\tools;C:\Users\Chetan\AppData\Local\Android\Sdk\tools\bin;C:\Users\Chetan\AppData\Local\Android\Sdk\platform-tools;C:\Users\Chetan\AppData\Local\Android\Sdk\emulator;E:\Testing Softwares\apache-maven-3.6.3\bin;;."/>
    <property name="java.vm.info" value="mixed mode"/>
    <property name="java.vendor" value="Oracle Corporation"/>
    <property name="java.vm.version" value="25.261-b12"/>
    <property name="java.ext.dirs" value="C:\Program Files\Java\jdk1.8.0_261\jre\lib\ext;C:\WINDOWS\Sun\Java\lib\ext"/>
    <property name="sun.io.unicode.encoding" value="UnicodeLittle"/>
    <property name="java.class.version" value="52.0"/>
  </properties>
  <testcase name="Verify if place is being successfully added using AddPlaceAPI" classname="Validating Place API&apos;s" time="7.775">
    <system-out><![CDATA[
@Sanity @AddPlace
Scenario: Verify if place is being successfully added using AddPlaceAPI # src/test/java/features/placeAPIValidation.feature:4
  Given Add place payload                                               # stepDefinitions.StepDefinition.add_place_payload()
  When user calls "AddPlaceAPI" with "POST" http request                # stepDefinitions.StepDefinition.user_calls_with_http_request(java.lang.String,java.lang.String)
  Then the API call is success with status code "200"                   # stepDefinitions.StepDefinition.the_api_call_is_success_with_status_code(java.lang.String)
  And "status" in response body is "OK"                                 # stepDefinitions.StepDefinition.in_response_body_is(java.lang.String,java.lang.String)
  And "scope" in response body is "APP"                                 # stepDefinitions.StepDefinition.in_response_body_is(java.lang.String,java.lang.String)
]]></system-out>
  </testcase>
  <testcase name="Verify AddPlaceAPI with multiple data #1" classname="Validating Place API&apos;s" time="1.981">
    <system-out><![CDATA[
@Sanity @Regression @AddPlace
Scenario Outline: Verify AddPlaceAPI with multiple data        # src/test/java/features/placeAPIValidation.feature:21
  Given Add place payload with "AA", "BB", "CC"                # stepDefinitions.StepDefinition.add_place_payload_with(java.lang.String,java.lang.String,java.lang.String)
  When user calls "AddPlaceAPI" with "POST" http request       # stepDefinitions.StepDefinition.user_calls_with_http_request(java.lang.String,java.lang.String)
  Then the API call is success with status code "200"          # stepDefinitions.StepDefinition.the_api_call_is_success_with_status_code(java.lang.String)
  And "status" in response body is "OK"                        # stepDefinitions.StepDefinition.in_response_body_is(java.lang.String,java.lang.String)
  And "scope" in response body is "APP"                        # stepDefinitions.StepDefinition.in_response_body_is(java.lang.String,java.lang.String)
  And verify place_ID created maps to "CC" using "GetPlaceAPI" # stepDefinitions.StepDefinition.verify_place_id_created_maps_to_using(java.lang.String,java.lang.String)
]]></system-out>
  </testcase>
  <testcase name="Verify AddPlaceAPI with multiple data #2" classname="Validating Place API&apos;s" time="1.83">
    <system-out><![CDATA[
@Sanity @Regression @AddPlace
Scenario Outline: Verify AddPlaceAPI with multiple data        # src/test/java/features/placeAPIValidation.feature:22
  Given Add place payload with "DD", "EE", "FF"                # stepDefinitions.StepDefinition.add_place_payload_with(java.lang.String,java.lang.String,java.lang.String)
  When user calls "AddPlaceAPI" with "POST" http request       # stepDefinitions.StepDefinition.user_calls_with_http_request(java.lang.String,java.lang.String)
  Then the API call is success with status code "200"          # stepDefinitions.StepDefinition.the_api_call_is_success_with_status_code(java.lang.String)
  And "status" in response body is "OK"                        # stepDefinitions.StepDefinition.in_response_body_is(java.lang.String,java.lang.String)
  And "scope" in response body is "APP"                        # stepDefinitions.StepDefinition.in_response_body_is(java.lang.String,java.lang.String)
  And verify place_ID created maps to "FF" using "GetPlaceAPI" # stepDefinitions.StepDefinition.verify_place_id_created_maps_to_using(java.lang.String,java.lang.String)
]]></system-out>
  </testcase>
  <testcase name="Verify if place is being successfully deleted using DeletePlaceAPI" classname="Validating Place API&apos;s" time="1.924">
    <system-out><![CDATA[
@Sanity @Regression @DeletePlace
Scenario: Verify if place is being successfully deleted using DeletePlaceAPI # src/test/java/features/placeAPIValidation.feature:25
  Given Delete place payload                                                 # stepDefinitions.StepDefinition.delete_place_payload()
  When user calls "DeletePlaceAPI" with "DELETE" http request                # stepDefinitions.StepDefinition.user_calls_with_http_request(java.lang.String,java.lang.String)
  Then the API call is success with status code "200"                        # stepDefinitions.StepDefinition.the_api_call_is_success_with_status_code(java.lang.String)
  And "status" in response body is "OK"                                      # stepDefinitions.StepDefinition.in_response_body_is(java.lang.String,java.lang.String)
]]></system-out>
  </testcase>
</testsuite>